<?xml version="1.0" encoding="UTF-8"?>
<!-- Generated by org.testng.reporters.JUnitReportReporter -->
<testsuite name="com.Gmail.testcases.GmailTest" tests="1" time="15.281" ignored="1" failures="0" timestamp="15 May 2021 09:19:00 GMT" skipped="0" hostname="BLR-AA201725" errors="0">
  <testcase name="verify_Gmail_Login_Logout_Functionality" time="15.281" classname="com.Gmail.testcases.GmailTest"/>
  <testcase name="verify_Gmail_Successful_Signup" classname="com.Gmail.testcases.GmailTest">
    <skipped/>
  </testcase> <!-- verify_Gmail_Successful_Signup -->
</testsuite> <!-- com.Gmail.testcases.GmailTest -->
